2020/02/17 07:52:17, INFO: Connection Succesful to server: server.hunskate.hu.
2020/02/17 07:52:17, INFO: Upload finished for file: squirrels_kopf_2002.png.
2020/02/17 10:10:47, INFO: Connection Succesful to server: server.hunskate.hu.
2020/02/17 10:10:48, INFO: Upload finished for file: squirrels_kopf_2002.png.
2020/02/17 10:29:04, INFO: Connection Succesful to server: server.hunskate.hu.
2020/02/17 10:29:05, INFO: Upload finished for file: squirrels_kopf_2002.png.
2020/02/17 10:30:31, INFO: Connection Succesful to server: server.hunskate.hu.
2020/02/17 10:30:31, INFO: Upload finished for file: squirrels_kopf_2002.png.
2020/02/17 10:31:31, INFO: Connection Succesful to server: server.hunskate.hu.
2020/02/17 10:31:32, INFO: Upload finished for file: squirrels_kopf_2002.png.
2020/02/17 11:13:52, ERROR: Problem connecting to server: server.hunskate..
2020/02/17 11:19:32, ERROR: Problem connecting to server: server.hunskate..
2020/02/17 11:23:30, ERROR: Problem connecting to server: server.hunskate.
2020/02/17 11:23:57, INFO: Connection Succesful to server: server.hunskate.hu
2020/02/17 11:23:58, INFO: Upload finished for file: squirrels_kopf_2002.png.
2020/02/17 11:46:31, INFO: Connection Succesful to server: server.hunskate.hu
2020/02/17 11:46:31, INFO: Upload finished for file: squirrels_kopf_2002.png.
2020/02/17 11:47:35, WARNING: Problem reading config file!
2020/02/17 11:48:58, ERROR: Problem connecting to server: server.hunskate.hu
2020/02/17 11:50:21, INFO: Connection Succesful to server: server.hunskate.hu
2020/02/17 11:50:22, INFO: Upload finished for file: squirrels_kopf_2002.png.
2020/02/17 11:51:48, INFO: Connection Succesful to server: server.hunskate.hu
2020/02/17 11:51:49, INFO: Upload finished for file: squirrels_kopf_2002.png.
2020/02/17 11:51:49, INFO: Upload finished for file: scoresheet.pdf.
2020/02/17 11:51:50, INFO: Upload finished for file: Heubach_logo.png.
2020/02/17 11:51:50, INFO: Upload finished for file: Képernyőfotó 2019-10-23 - 12.01.40.png.
2020/02/17 11:53:11, INFO: Connection Succesful to server: server.hunskate.hu
2020/02/17 11:53:12, INFO: Upload finished for file: squirrels_kopf_2002.png.
2020/02/17 11:53:12, INFO: Upload finished for file: scoresheet.pdf.
2020/02/17 11:53:13, INFO: Upload finished for file: Heubach_logo.png.
2020/02/17 11:53:13, INFO: Upload finished for file: Képernyőfotó 2019-10-23 - 12.01.40.png.
2020/02/17 11:58:24, INFO: Connection Succesful to server: server.hunskate.hu
2020/02/17 11:58:24, INFO: Upload finished for file: squirrels_kopf_2002.png.
2020/02/17 11:58:25, INFO: Upload finished for file: scoresheet.pdf.
2020/02/17 11:58:25, INFO: Upload finished for file: Heubach_logo.png.
2020/02/17 11:58:26, INFO: Upload finished for file: Képernyőfotó 2019-10-23 - 12.01.40.png.
2020/08/21 13:36:43, INFO: Connection Succesful to server: server.hunskate.hu
2020/08/21 13:39:54, INFO: Connection Succesful to server: server.hunskate.hu
2020/08/21 13:39:59, INFO: Upload finished for file: Képernyőfotó 2020-08-04 - 12.56.10.png.
2021/02/02 13:11:30, ERROR: Problem connecting to server: ftp.acetelecom.hu
2021/02/02 13:17:04, ERROR: Problem connecting to server: ftp.acetelecom.hu
2021/02/02 13:17:07, ERROR: Problem connecting to server: ftp.acetelecom.hu
2021/02/02 13:27:32, ERROR: Problem connecting to server: ftp.acetelecom.hu
2021/02/02 16:05:30, ERROR: Problem connecting to server: ftp.acetelecom.hu
2021/02/02 16:07:14, ERROR: Problem connecting to server: ftp.acetelecom.hu
2021/02/02 16:08:49, ERROR: Problem connecting to server: ftp.acetelecom.hu
2021/02/02 16:08:55, ERROR: Problem connecting to server: ftp.acetelecom.hu
2021/02/02 16:09:02, ERROR: Problem connecting to server: ftp.acetelecom.hu
2021/02/02 16:30:19, ERROR: Problem connecting to server: ftp.acetelecom.hu
2021/02/02 16:36:56, ERROR: Problem connecting to server: SFTP://ftp.acetelecom.hu
2021/02/02 16:37:47, ERROR: Problem connecting to server: sftp://ftp.acetelecom.hu
2021/02/02 16:38:14, ERROR: Problem connecting to server: ftp.acetelecom.hu
2021/02/02 16:38:18, ERROR: Problem connecting to server: ftp.acetelecom.hu
2021/02/02 16:57:17, ERROR: Problem connecting to server: ftp.acetelecom.hu
2021/02/02 16:59:55, ERROR: Problem connecting to server: ftp.acetelecom.hu
2021/02/02 17:01:04, ERROR: Problem connecting to server: ftp.acetelecom.hu
2021/02/02 17:02:17, ERROR: Problem connecting to server: ftp.acetelecom.hu
2021/02/02 17:09:43, INFO: Connection Succesful to server: server.hunskate.hu
2021/02/02 17:11:59, ERROR: Problem connecting to server: ftp.acetelecom.hu
2021/02/02 18:10:44, ERROR: Problem connecting to server: ftp.acetelecom.hu
2021/02/02 18:11:07, ERROR: Problem connecting to server: ftp.acetelecom.hu
2021/02/02 21:08:03, ERROR: Problem connecting to server: ftp.acetelecom.hu
2021/02/02 21:08:28, ERROR: Problem connecting to server: ftp.acetelecom.hu
2021/02/02 21:21:23, ERROR: Problem connecting to server: ftp.acetelecom.hu
2021/02/02 21:22:28, ERROR: Problem connecting to server: ftp.acetelecom.hu
2021/02/02 21:22:38, ERROR: Problem connecting to server: ftp.acetelecom.hu
2021/02/02 21:24:12, ERROR: Problem connecting to server: ftp.acetelecom.hu
2021/02/02 21:24:27, ERROR: Problem connecting to server: ftp.acetelecom.hu
2021/02/03 10:06:34, ERROR: Problem connecting to server: ftp.acetelecom.hu
2021/02/03 10:21:23, WARNING: Problem reading config file, default values will be used!
2021/02/03 10:22:29, WARNING: Problem reading config file, default values will be used!
2021/02/03 10:22:29, ERROR: Problem connecting to server: server.hunskate.hu
2021/02/03 10:24:10, WARNING: Problem reading config file, default values will be used!
2021/02/03 10:24:10, INFO: Connection Succesful to server: server.hunskate.hu
2021/02/03 10:28:10, WARNING: Problem reading config file, default values will be used!
2021/02/03 10:28:10, INFO: Connection Succesful to server: server.hunskate.hu
2021/02/03 10:28:55, WARNING: Problem reading config file, default values will be used!
2021/02/03 10:28:55, INFO: Connection Succesful to server: server.hunskate.hu
2021/02/03 10:28:55, ERROR: Problem reaching file () in copy directory. Maybe copy path is wrong.
2021/02/03 10:29:44, WARNING: Problem reading config file, default values will be used!
2021/02/03 10:29:44, INFO: Connection Succesful to server: server.hunskate.hu
2021/02/03 10:29:44, ERROR: Problem reaching file in copy directory. Maybe copy path is wrong.
2021/02/03 10:29:58, WARNING: Problem reading config file, default values will be used!
2021/02/03 10:29:58, INFO: Connection Succesful to server: server.hunskate.hu
2021/02/03 10:29:58, ERROR: Problem reaching file in copy directory. Maybe copy path is wrong.
2021/02/03 10:30:39, ERROR: Problem connecting to server: ftp.acetelecom.hu
2021/02/03 10:42:30, ERROR: Wrong argument. Usage: a) No argument, thus default ini is used; b) -p [Postfix], where Postfix can be a string (eg.: -p spec --> program will use ISU_FTPS_tool_conf_spec.ini)
2021/02/03 10:42:53, ERROR: Wrong argument. Usage: a) No argument, thus default ini is used; b) -p [Postfix], where Postfix can be a string (eg.: -p spec --> program will use ISU_FTPS_tool_conf_spec.ini)
2021/02/03 10:43:21, WARNING: Problem reading config file, default values will be used!
2021/02/03 10:43:21, INFO: Connection Succesful to server: server.hunskate.hu
2021/02/03 10:43:21, ERROR: Problem reaching file in copy directory. Maybe copy path is wrong.
2021/02/03 10:44:06, ERROR: Wrong argument. Usage: a) No argument, thus default ini is used; b) -p [Postfix], where Postfix can be a string (eg.: -p spec --> program will use ISU_FTPS_tool_conf_spec.ini)
2021/02/03 10:47:00, ERROR: Wrong argument. Usage: a) No argument, thus default ini is used; b) -p [Postfix], where Postfix can be a string (eg.: -p spec --> program will use ISU_FTPS_tool_conf_spec.ini)
2021/02/03 10:48:04, ERROR: Wrong argument. Usage: a) No argument, thus default ini is used; b) -p [Postfix], where Postfix can be a string (eg.: -p spec --> program will use ISU_FTPS_tool_conf_spec.ini)
